<?xml version="1.0" encoding="UTF-8"?>
<!-- Generated by org.testng.reporters.JUnitReportReporter -->
<testsuite hostname="DESKTOP-VD1O267" failures="0" tests="7" name="com.ikkon.Test_cases.TC_DashboardPageTest" time="53.351" errors="0" timestamp="2024-12-12T20:05:20 IST" skipped="0">
  <testcase classname="com.ikkon.Test_cases.TC_DashboardPageTest" name="VerifyDashboardPageLabelsAfterAdminUserLogin" time="8.593"/>
  <system-out/>
  <testcase classname="com.ikkon.Test_cases.TC_DashboardPageTest" name="VerifyAllUsersListByClickingOnTotalUsers" time="3.267"/>
  <system-out/>
  <testcase classname="com.ikkon.Test_cases.TC_DashboardPageTest" name="VerifyActiveUsersListByClickingOnActiveUsers" time="8.283"/>
  <system-out/>
  <testcase classname="com.ikkon.Test_cases.TC_DashboardPageTest" name="VerifyInactiveUsersListByClickingOnInactiveUsers" time="8.276"/>
  <system-out/>
  <testcase classname="com.ikkon.Test_cases.TC_DashboardPageTest" name="VerifyInfluencerUsersListByClickingOnInfluencerUsers" time="8.315"/>
  <system-out/>
  <testcase classname="com.ikkon.Test_cases.TC_DashboardPageTest" name="VerifyBrandUsersListByClickingOnBrandUsers" time="8.274"/>
  <system-out/>
  <testcase classname="com.ikkon.Test_cases.TC_DashboardPageTest" name="VerifyAgencyUsersListByClickingOnBrandUsers" time="8.343"/>
  <system-out/>
</testsuite> <!-- com.ikkon.Test_cases.TC_DashboardPageTest -->
