<?xml version="1.0" encoding="UTF-8"?>
<!-- Generated by org.testng.reporters.JUnitReportReporter -->
<testsuite hostname="DESKTOP-VD1O267" failures="0" tests="3" name="com.ikkon.Test_cases.TC_SignInPageTest" time="16.637" errors="0" timestamp="2024-12-08T00:15:20 IST" skipped="0">
  <testcase classname="com.ikkon.Test_cases.TC_SignInPageTest" name="OpenSignInPage" time="1.944"/>
  <system-out/>
  <testcase classname="com.ikkon.Test_cases.TC_SignInPageTest" name="SignInWithAdmin" time="12.175"/>
  <system-out/>
  <testcase classname="com.ikkon.Test_cases.TC_SignInPageTest" name="Logout" time="2.518"/>
  <system-out/>
</testsuite> <!-- com.ikkon.Test_cases.TC_SignInPageTest -->
