<?xml version="1.0" encoding="UTF-8"?>
<!-- Generated by org.testng.reporters.JUnitReportReporter -->
<testsuite hostname="DESKTOP-VD1O267" failures="0" tests="1" name="com.ikkon.Test_cases.TestCase_Login" time="2.229" errors="0" timestamp="2024-11-12T16:26:37 IST" skipped="0">
  <testcase classname="com.ikkon.Test_cases.TestCase_Login" name="openLoginPage" time="2.229"/>
</testsuite> <!-- com.ikkon.Test_cases.TestCase_Login -->
