<?xml version="1.0" encoding="UTF-8"?>
<!-- Generated by org.testng.reporters.JUnitReportReporter -->
<testsuite hostname="DESKTOP-VD1O267" failures="0" tests="8" name="com.ikkon.Test_cases.TC_MenuPageTest" time="45.961" errors="0" timestamp="2024-12-09T18:36:47 IST" skipped="0">
  <testcase classname="com.ikkon.Test_cases.TC_MenuPageTest" name="AgencyPageOpened" time="31.480"/>
  <system-out/>
  <testcase classname="com.ikkon.Test_cases.TC_MenuPageTest" name="BrandPageOpened" time="0.473"/>
  <system-out/>
  <testcase classname="com.ikkon.Test_cases.TC_MenuPageTest" name="CampaignPageOpened" time="0.508"/>
  <system-out/>
  <testcase classname="com.ikkon.Test_cases.TC_MenuPageTest" name="MatchmakingPageOpened" time="0.605"/>
  <system-out/>
  <testcase classname="com.ikkon.Test_cases.TC_MenuPageTest" name="UsersPageIsOpened" time="1.840"/>
  <system-out/>
  <testcase classname="com.ikkon.Test_cases.TC_MenuPageTest" name="SystemLogsPageIsOpened" time="0.477"/>
  <system-out/>
  <testcase classname="com.ikkon.Test_cases.TC_MenuPageTest" name="DashboardPageOpened" time="5.138"/>
  <system-out/>
  <testcase classname="com.ikkon.Test_cases.TC_MenuPageTest" name="NotificationPageIsOpened" time="5.440"/>
  <system-out/>
</testsuite> <!-- com.ikkon.Test_cases.TC_MenuPageTest -->
