<?xml version="1.0" encoding="UTF-8"?>
<!-- Generated by org.testng.reporters.JUnitReportReporter -->
<testsuite hostname="DESKTOP-VD1O267" failures="0" tests="3" name="com.ikkon.Test_cases.TC_SignInPageTest" time="16.068" errors="0" timestamp="2024-12-02T10:50:59 IST" skipped="0">
  <testcase classname="com.ikkon.Test_cases.TC_SignInPageTest" name="OpenSignInPage" time="1.534"/>
  <system-out/>
  <testcase classname="com.ikkon.Test_cases.TC_SignInPageTest" name="SignInWithAdmin" time="12.137"/>
  <system-out/>
  <testcase classname="com.ikkon.Test_cases.TC_SignInPageTest" name="Logout" time="2.397"/>
  <system-out/>
</testsuite> <!-- com.ikkon.Test_cases.TC_SignInPageTest -->
