<?xml version="1.0" encoding="UTF-8"?>
<!-- Generated by org.testng.reporters.JUnitReportReporter -->
<testsuite hostname="DESKTOP-VD1O267" failures="0" tests="8" name="com.ikkon.Test_cases.TC_MenuPageTest" time="36.562" errors="0" timestamp="2024-12-12T20:05:20 IST" skipped="0">
  <testcase classname="com.ikkon.Test_cases.TC_MenuPageTest" name="AgencyPageOpened" time="22.767"/>
  <system-out/>
  <testcase classname="com.ikkon.Test_cases.TC_MenuPageTest" name="BrandPageOpened" time="0.495"/>
  <system-out/>
  <testcase classname="com.ikkon.Test_cases.TC_MenuPageTest" name="CampaignPageOpened" time="0.500"/>
  <system-out/>
  <testcase classname="com.ikkon.Test_cases.TC_MenuPageTest" name="MatchmakingPageOpened" time="0.607"/>
  <system-out/>
  <testcase classname="com.ikkon.Test_cases.TC_MenuPageTest" name="UsersPageIsOpened" time="1.435"/>
  <system-out/>
  <testcase classname="com.ikkon.Test_cases.TC_MenuPageTest" name="SystemLogsPageIsOpened" time="0.498"/>
  <system-out/>
  <testcase classname="com.ikkon.Test_cases.TC_MenuPageTest" name="DashboardPageOpened" time="5.144"/>
  <system-out/>
  <testcase classname="com.ikkon.Test_cases.TC_MenuPageTest" name="NotificationPageIsOpened" time="5.116"/>
  <system-out/>
</testsuite> <!-- com.ikkon.Test_cases.TC_MenuPageTest -->
