<?xml version="1.0" encoding="UTF-8"?>
<!-- Generated by org.testng.reporters.JUnitReportReporter -->
<testsuite hostname="DESKTOP-VD1O267" failures="0" tests="2" name="com.ikkon.Test_cases.TC_MenuPageTest" time="14.959" errors="0" timestamp="2024-11-30T18:12:16 IST" skipped="0">
  <testcase classname="com.ikkon.Test_cases.TC_MenuPageTest" name="AgencyPageOpened" time="14.955"/>
  <system-out/>
  <testcase classname="com.ikkon.Test_cases.TC_MenuPageTest" name="DashboardPageOpened" time="0.004"/>
  <system-out/>
</testsuite> <!-- com.ikkon.Test_cases.TC_MenuPageTest -->
