<?xml version="1.0" encoding="UTF-8"?>
<!-- Generated by org.testng.reporters.JUnitReportReporter -->
<testsuite hostname="DESKTOP-VD1O267" failures="0" tests="12" name="com.ikkon.Test_cases.TC_CampaignPgeTest" time="145.198" errors="0" timestamp="2025-01-08T18:11:50 IST" skipped="3">
  <testcase classname="com.ikkon.Test_cases.TC_CampaignPgeTest" name="VerifyCampaignListOnFirstPage" time="15.278"/>
  <system-out/>
  <testcase classname="com.ikkon.Test_cases.TC_CampaignPgeTest" name="VerifyPreviousButtonStatusOnFirstPage" time="0.038"/>
  <system-out/>
  <testcase classname="com.ikkon.Test_cases.TC_CampaignPgeTest" name="VerifyPreviousButtonStausWhenSwitchFromFirstPageToAnotherPage" time="1.198"/>
  <system-out/>
  <testcase classname="com.ikkon.Test_cases.TC_CampaignPgeTest" name="VerifyNextButtonStatusWhenUserIsOnLastPage" time="2.822"/>
  <system-out/>
  <testcase classname="com.ikkon.Test_cases.TC_CampaignPgeTest" name="VerifyPreviousAndNextButtonStatusWhenOnlySinglePageAvailable" time="0.015">
    <skipped/>
  </testcase> <!-- VerifyPreviousAndNextButtonStatusWhenOnlySinglePageAvailable -->
  <system-out/>
  <testcase classname="com.ikkon.Test_cases.TC_CampaignPgeTest" name="VerifyFilterByDraft" time="6.503"/>
  <system-out/>
  <testcase classname="com.ikkon.Test_cases.TC_CampaignPgeTest" name="VerifyFilterByActive" time="6.730"/>
  <system-out/>
  <testcase classname="com.ikkon.Test_cases.TC_CampaignPgeTest" name="VerifyFilterByInActive" time="46.478">
    <skipped/>
  </testcase> <!-- VerifyFilterByInActive -->
  <system-out/>
  <testcase classname="com.ikkon.Test_cases.TC_CampaignPgeTest" name="VerifyFilterByRequestForInfluencer" time="6.397"/>
  <system-out/>
  <testcase classname="com.ikkon.Test_cases.TC_CampaignPgeTest" name="VerifyFilterByReviewInfluencer" time="6.751"/>
  <system-out/>
  <testcase classname="com.ikkon.Test_cases.TC_CampaignPgeTest" name="VerifyFilterByInfluencerConfirmed" time="46.456">
    <skipped/>
  </testcase> <!-- VerifyFilterByInfluencerConfirmed -->
  <system-out/>
  <testcase classname="com.ikkon.Test_cases.TC_CampaignPgeTest" name="VerifyFilterByCompleted" time="6.532"/>
  <system-out/>
</testsuite> <!-- com.ikkon.Test_cases.TC_CampaignPgeTest -->
