<?xml version="1.0" encoding="UTF-8"?>
<!-- Generated by org.testng.reporters.JUnitReportReporter -->
<testsuite hostname="DESKTOP-VD1O267" failures="0" tests="3" name="com.ikkon.Test_cases.TC_SignInPageTest" time="15.639" errors="0" timestamp="2024-11-27T15:58:53 IST" skipped="0">
  <testcase classname="com.ikkon.Test_cases.TC_SignInPageTest" name="openSignInPage" time="1.373"/>
  <system-out/>
  <testcase classname="com.ikkon.Test_cases.TC_SignInPageTest" name="signInWithAdmin" time="11.927"/>
  <system-out/>
  <testcase classname="com.ikkon.Test_cases.TC_SignInPageTest" name="Logout" time="2.339"/>
  <system-out/>
</testsuite> <!-- com.ikkon.Test_cases.TC_SignInPageTest -->
