<?xml version="1.0" encoding="UTF-8"?>
<!-- Generated by org.testng.reporters.JUnitReportReporter -->
<testsuite hostname="DESKTOP-VD1O267" failures="0" tests="4" name="com.ikkon.Test_cases.TC_CampaignPgeTest" time="16.723" errors="0" timestamp="2024-12-24T12:36:00 IST" skipped="0">
  <testcase classname="com.ikkon.Test_cases.TC_CampaignPgeTest" name="VerifyCampaignListOnFirstPage" time="14.244"/>
  <system-out/>
  <testcase classname="com.ikkon.Test_cases.TC_CampaignPgeTest" name="VerifyPreviousButtonStatusOnFirstPage" time="0.066"/>
  <system-out/>
  <testcase classname="com.ikkon.Test_cases.TC_CampaignPgeTest" name="VerifyPreviousButtonStausWhenSwitchFromFirstPageToAnotherPage" time="1.189"/>
  <system-out/>
  <testcase classname="com.ikkon.Test_cases.TC_CampaignPgeTest" name="VerifyNextButtonStatusWhenUserIsOnLastPage" time="1.224"/>
  <system-out/>
</testsuite> <!-- com.ikkon.Test_cases.TC_CampaignPgeTest -->
