<?xml version="1.0" encoding="UTF-8"?>
<!-- Generated by org.testng.reporters.JUnitReportReporter -->
<testsuite hostname="DESKTOP-VD1O267" failures="2" tests="8" name="com.ikkon.Test_cases.TC_SignInPageTest" time="18.709" errors="0" timestamp="2024-12-25T12:53:04 IST" skipped="0">
  <testcase classname="com.ikkon.Test_cases.TC_SignInPageTest" name="OpenSignInPage" time="1.403"/>
  <system-out/>
  <testcase classname="com.ikkon.Test_cases.TC_SignInPageTest" name="LoginWithoutEnteringCredentials" time="0.651">
    <failure message="&#039;Password is required&#039; error message is shown" type="java.lang.AssertionError">
      <![CDATA[java.lang.AssertionError: 'Password is required' error message is shown
at org.testng.Assert.fail(Assert.java:110)
at com.ikkon.Test_cases.TC_SignInPageTest.LoginWithoutEnteringCredentials(TC_SignInPageTest.java:64)
at java.base/jdk.internal.reflect.DirectMethodHandleAccessor.invoke(DirectMethodHandleAccessor.java:103)
at java.base/java.lang.reflect.Method.invoke(Method.java:580)
at org.testng.internal.invokers.MethodInvocationHelper.invokeMethod(MethodInvocationHelper.java:139)
at org.testng.internal.invokers.TestInvoker.invokeMethod(TestInvoker.java:677)
at org.testng.internal.invokers.TestInvoker.invokeTestMethod(TestInvoker.java:221)
at org.testng.internal.invokers.MethodRunner.runInSequence(MethodRunner.java:50)
at org.testng.internal.invokers.TestInvoker$MethodInvocationAgent.invoke(TestInvoker.java:969)
at org.testng.internal.invokers.TestInvoker.invokeTestMethods(TestInvoker.java:194)
at org.testng.internal.invokers.TestMethodWorker.invokeTestMethods(TestMethodWorker.java:148)
at org.testng.internal.invokers.TestMethodWorker.run(TestMethodWorker.java:128)
at java.base/java.util.ArrayList.forEach(ArrayList.java:1596)
at org.testng.TestRunner.privateRun(TestRunner.java:829)
at org.testng.TestRunner.run(TestRunner.java:602)
at org.testng.SuiteRunner.runTest(SuiteRunner.java:437)
at org.testng.SuiteRunner.runSequentially(SuiteRunner.java:431)
at org.testng.SuiteRunner.privateRun(SuiteRunner.java:391)
at org.testng.SuiteRunner.run(SuiteRunner.java:330)
at org.testng.SuiteRunnerWorker.runSuite(SuiteRunnerWorker.java:52)
at org.testng.SuiteRunnerWorker.run(SuiteRunnerWorker.java:95)
at org.testng.TestNG.runSuitesSequentially(TestNG.java:1256)
at org.testng.TestNG.runSuitesLocally(TestNG.java:1176)
at org.testng.TestNG.runSuites(TestNG.java:1099)
at org.testng.TestNG.run(TestNG.java:1067)
at org.testng.remote.AbstractRemoteTestNG.run(AbstractRemoteTestNG.java:115)
at org.testng.remote.RemoteTestNG.initAndRun(RemoteTestNG.java:293)
at org.testng.remote.RemoteTestNG.main(RemoteTestNG.java:91)
]]>
    </failure>
  </testcase> <!-- LoginWithoutEnteringCredentials -->
  <system-out/>
  <testcase classname="com.ikkon.Test_cases.TC_SignInPageTest" name="LoginWithoutEnteringPassword" time="0.993">
    <failure message="&#039;Password is required&#039; error message is not shown" type="java.lang.AssertionError">
      <![CDATA[java.lang.AssertionError: 'Password is required' error message is not shown
at org.testng.Assert.fail(Assert.java:110)
at com.ikkon.Test_cases.TC_SignInPageTest.LoginWithoutEnteringPassword(TC_SignInPageTest.java:92)
at java.base/jdk.internal.reflect.DirectMethodHandleAccessor.invoke(DirectMethodHandleAccessor.java:103)
at java.base/java.lang.reflect.Method.invoke(Method.java:580)
at org.testng.internal.invokers.MethodInvocationHelper.invokeMethod(MethodInvocationHelper.java:139)
at org.testng.internal.invokers.TestInvoker.invokeMethod(TestInvoker.java:677)
at org.testng.internal.invokers.TestInvoker.invokeTestMethod(TestInvoker.java:221)
at org.testng.internal.invokers.MethodRunner.runInSequence(MethodRunner.java:50)
at org.testng.internal.invokers.TestInvoker$MethodInvocationAgent.invoke(TestInvoker.java:969)
at org.testng.internal.invokers.TestInvoker.invokeTestMethods(TestInvoker.java:194)
at org.testng.internal.invokers.TestMethodWorker.invokeTestMethods(TestMethodWorker.java:148)
at org.testng.internal.invokers.TestMethodWorker.run(TestMethodWorker.java:128)
at java.base/java.util.ArrayList.forEach(ArrayList.java:1596)
at org.testng.TestRunner.privateRun(TestRunner.java:829)
at org.testng.TestRunner.run(TestRunner.java:602)
at org.testng.SuiteRunner.runTest(SuiteRunner.java:437)
at org.testng.SuiteRunner.runSequentially(SuiteRunner.java:431)
at org.testng.SuiteRunner.privateRun(SuiteRunner.java:391)
at org.testng.SuiteRunner.run(SuiteRunner.java:330)
at org.testng.SuiteRunnerWorker.runSuite(SuiteRunnerWorker.java:52)
at org.testng.SuiteRunnerWorker.run(SuiteRunnerWorker.java:95)
at org.testng.TestNG.runSuitesSequentially(TestNG.java:1256)
at org.testng.TestNG.runSuitesLocally(TestNG.java:1176)
at org.testng.TestNG.runSuites(TestNG.java:1099)
at org.testng.TestNG.run(TestNG.java:1067)
at org.testng.remote.AbstractRemoteTestNG.run(AbstractRemoteTestNG.java:115)
at org.testng.remote.RemoteTestNG.initAndRun(RemoteTestNG.java:293)
at org.testng.remote.RemoteTestNG.main(RemoteTestNG.java:91)
]]>
    </failure>
  </testcase> <!-- LoginWithoutEnteringPassword -->
  <system-out/>
  <testcase classname="com.ikkon.Test_cases.TC_SignInPageTest" name="LoginWithoutEnteringEmail" time="0.546"/>
  <system-out/>
  <testcase classname="com.ikkon.Test_cases.TC_SignInPageTest" name="LoginWithInvalidEmailAndCorrectPassword" time="0.651"/>
  <system-out/>
  <testcase classname="com.ikkon.Test_cases.TC_SignInPageTest" name="LoginEmailAndInvalidPassword" time="0.879"/>
  <system-out/>
  <testcase classname="com.ikkon.Test_cases.TC_SignInPageTest" name="SignInWithAdmin" time="11.247"/>
  <system-out/>
  <testcase classname="com.ikkon.Test_cases.TC_SignInPageTest" name="Logout" time="2.339"/>
  <system-out/>
</testsuite> <!-- com.ikkon.Test_cases.TC_SignInPageTest -->
