<?xml version="1.0" encoding="UTF-8"?>
<!-- Generated by org.testng.reporters.JUnitReportReporter -->
<testsuite hostname="DESKTOP-VD1O267" failures="0" tests="5" name="com.ikkon.Test_cases.TC_CampaignPgeTest" time="18.410" errors="0" timestamp="2024-12-25T12:53:04 IST" skipped="1">
  <testcase classname="com.ikkon.Test_cases.TC_CampaignPgeTest" name="VerifyCampaignListOnFirstPage" time="14.162"/>
  <system-out/>
  <testcase classname="com.ikkon.Test_cases.TC_CampaignPgeTest" name="VerifyPreviousButtonStatusOnFirstPage" time="0.029"/>
  <system-out/>
  <testcase classname="com.ikkon.Test_cases.TC_CampaignPgeTest" name="VerifyPreviousButtonStausWhenSwitchFromFirstPageToAnotherPage" time="1.188"/>
  <system-out/>
  <testcase classname="com.ikkon.Test_cases.TC_CampaignPgeTest" name="VerifyNextButtonStatusWhenUserIsOnLastPage" time="3.014"/>
  <system-out/>
  <testcase classname="com.ikkon.Test_cases.TC_CampaignPgeTest" name="VerifyPreviousAndNextButtonStatusWhenOnlySinglePageAvailable" time="0.017">
    <skipped/>
  </testcase> <!-- VerifyPreviousAndNextButtonStatusWhenOnlySinglePageAvailable -->
  <system-out/>
</testsuite> <!-- com.ikkon.Test_cases.TC_CampaignPgeTest -->
