<?xml version="1.0" encoding="UTF-8"?>
<!-- Generated by org.testng.reporters.JUnitReportReporter -->
<testsuite hostname="DESKTOP-VD1O267" failures="0" tests="8" name="com.ikkon.Test_cases.TC_MenuPageTest" time="27.294" errors="0" timestamp="2024-12-25T12:53:04 IST" skipped="0">
  <testcase classname="com.ikkon.Test_cases.TC_MenuPageTest" name="AgencyPageOpened" time="13.510"/>
  <system-out/>
  <testcase classname="com.ikkon.Test_cases.TC_MenuPageTest" name="BrandPageOpened" time="0.532"/>
  <system-out/>
  <testcase classname="com.ikkon.Test_cases.TC_MenuPageTest" name="CampaignPageOpened" time="0.547"/>
  <system-out/>
  <testcase classname="com.ikkon.Test_cases.TC_MenuPageTest" name="MatchmakingPageOpened" time="0.712"/>
  <system-out/>
  <testcase classname="com.ikkon.Test_cases.TC_MenuPageTest" name="UsersPageIsOpened" time="1.276"/>
  <system-out/>
  <testcase classname="com.ikkon.Test_cases.TC_MenuPageTest" name="SystemLogsPageIsOpened" time="0.469"/>
  <system-out/>
  <testcase classname="com.ikkon.Test_cases.TC_MenuPageTest" name="DashboardPageOpened" time="5.130"/>
  <system-out/>
  <testcase classname="com.ikkon.Test_cases.TC_MenuPageTest" name="NotificationPageIsOpened" time="5.118"/>
  <system-out/>
</testsuite> <!-- com.ikkon.Test_cases.TC_MenuPageTest -->
