<?xml version="1.0" encoding="UTF-8"?>
<!-- Generated by org.testng.reporters.JUnitReportReporter -->
<testsuite hostname="DESKTOP-VD1O267" failures="0" tests="1" name="Test_Scenarios.TestCase_Login" time="0.490" errors="0" timestamp="2024-11-07T11:51:03 IST" skipped="0">
  <testcase classname="Test_Scenarios.TestCase_Login" name="openLoginPage" time="0.490"/>
</testsuite> <!-- Test_Scenarios.TestCase_Login -->
