<?xml version="1.0" encoding="UTF-8"?>
<!-- Generated by org.testng.reporters.JUnitReportReporter -->
<testsuite hostname="DESKTOP-VD1O267" failures="0" tests="12" name="com.ikkon.Test_cases.TC_CampaignPageTest" time="124.447" errors="0" timestamp="2025-02-07T19:20:07 IST" skipped="3">
  <testcase classname="com.ikkon.Test_cases.TC_CampaignPageTest" name="VerifyCampaignListOnFirstPage" time="14.187"/>
  <system-out/>
  <testcase classname="com.ikkon.Test_cases.TC_CampaignPageTest" name="VerifyPreviousButtonStatusOnFirstPage" time="0.041"/>
  <system-out/>
  <testcase classname="com.ikkon.Test_cases.TC_CampaignPageTest" name="VerifyPreviousButtonStausWhenSwitchFromFirstPageToAnotherPage" time="1.187"/>
  <system-out/>
  <testcase classname="com.ikkon.Test_cases.TC_CampaignPageTest" name="VerifyNextButtonStatusWhenUserIsOnLastPage" time="4.763"/>
  <system-out/>
  <testcase classname="com.ikkon.Test_cases.TC_CampaignPageTest" name="VerifyPreviousAndNextButtonStatusWhenOnlySinglePageAvailable" time="0.027">
    <skipped/>
  </testcase> <!-- VerifyPreviousAndNextButtonStatusWhenOnlySinglePageAvailable -->
  <system-out/>
  <testcase classname="com.ikkon.Test_cases.TC_CampaignPageTest" name="VerifyFilterByDraft" time="3.359"/>
  <system-out/>
  <testcase classname="com.ikkon.Test_cases.TC_CampaignPageTest" name="VerifyFilterByActive" time="3.397"/>
  <system-out/>
  <testcase classname="com.ikkon.Test_cases.TC_CampaignPageTest" name="VerifyFilterByInActive" time="43.441">
    <skipped/>
  </testcase> <!-- VerifyFilterByInActive -->
  <system-out/>
  <testcase classname="com.ikkon.Test_cases.TC_CampaignPageTest" name="VerifyFilterByRequestForInfluencer" time="3.621"/>
  <system-out/>
  <testcase classname="com.ikkon.Test_cases.TC_CampaignPageTest" name="VerifyFilterByReviewInfluencer" time="3.553"/>
  <system-out/>
  <testcase classname="com.ikkon.Test_cases.TC_CampaignPageTest" name="VerifyFilterByInfluencerConfirmed" time="43.456">
    <skipped/>
  </testcase> <!-- VerifyFilterByInfluencerConfirmed -->
  <system-out/>
  <testcase classname="com.ikkon.Test_cases.TC_CampaignPageTest" name="VerifyFilterByCompleted" time="3.415"/>
  <system-out/>
</testsuite> <!-- com.ikkon.Test_cases.TC_CampaignPageTest -->
