<?xml version="1.0" encoding="UTF-8"?>
<!-- Generated by org.testng.reporters.JUnitReportReporter -->
<testsuite hostname="DESKTOP-VD1O267" failures="0" tests="2" name="com.ikkon.Test_cases.TC_SignInPageTest" time="8.511" errors="0" timestamp="2024-11-19T12:21:28 IST" skipped="0">
  <testcase classname="com.ikkon.Test_cases.TC_SignInPageTest" name="openSignInPage" time="1.597"/>
  <system-out/>
  <testcase classname="com.ikkon.Test_cases.TC_SignInPageTest" name="signInWithAdmin" time="6.914"/>
  <system-out/>
</testsuite> <!-- com.ikkon.Test_cases.TC_SignInPageTest -->
