<?xml version="1.0" encoding="UTF-8"?>
<!-- Generated by org.testng.reporters.JUnitReportReporter -->
<testsuite hostname="DESKTOP-VD1O267" failures="0" tests="12" name="com.ikkon.Test_cases.TC_CampaignPgeTest" time="144.156" errors="0" timestamp="2025-01-09T10:44:25 IST" skipped="3">
  <testcase classname="com.ikkon.Test_cases.TC_CampaignPgeTest" name="VerifyCampaignListOnFirstPage" time="14.361"/>
  <system-out/>
  <testcase classname="com.ikkon.Test_cases.TC_CampaignPgeTest" name="VerifyPreviousButtonStatusOnFirstPage" time="0.039"/>
  <system-out/>
  <testcase classname="com.ikkon.Test_cases.TC_CampaignPgeTest" name="VerifyPreviousButtonStausWhenSwitchFromFirstPageToAnotherPage" time="1.170"/>
  <system-out/>
  <testcase classname="com.ikkon.Test_cases.TC_CampaignPgeTest" name="VerifyNextButtonStatusWhenUserIsOnLastPage" time="2.854"/>
  <system-out/>
  <testcase classname="com.ikkon.Test_cases.TC_CampaignPgeTest" name="VerifyPreviousAndNextButtonStatusWhenOnlySinglePageAvailable" time="0.018">
    <skipped/>
  </testcase> <!-- VerifyPreviousAndNextButtonStatusWhenOnlySinglePageAvailable -->
  <system-out/>
  <testcase classname="com.ikkon.Test_cases.TC_CampaignPgeTest" name="VerifyFilterByDraft" time="6.455"/>
  <system-out/>
  <testcase classname="com.ikkon.Test_cases.TC_CampaignPgeTest" name="VerifyFilterByActive" time="6.579"/>
  <system-out/>
  <testcase classname="com.ikkon.Test_cases.TC_CampaignPgeTest" name="VerifyFilterByInActive" time="46.505">
    <skipped/>
  </testcase> <!-- VerifyFilterByInActive -->
  <system-out/>
  <testcase classname="com.ikkon.Test_cases.TC_CampaignPgeTest" name="VerifyFilterByRequestForInfluencer" time="6.455"/>
  <system-out/>
  <testcase classname="com.ikkon.Test_cases.TC_CampaignPgeTest" name="VerifyFilterByReviewInfluencer" time="6.759"/>
  <system-out/>
  <testcase classname="com.ikkon.Test_cases.TC_CampaignPgeTest" name="VerifyFilterByInfluencerConfirmed" time="46.506">
    <skipped/>
  </testcase> <!-- VerifyFilterByInfluencerConfirmed -->
  <system-out/>
  <testcase classname="com.ikkon.Test_cases.TC_CampaignPgeTest" name="VerifyFilterByCompleted" time="6.455"/>
  <system-out/>
</testsuite> <!-- com.ikkon.Test_cases.TC_CampaignPgeTest -->
